[debug] [2022-09-06T15:46:57.508Z] ----------------------------------------------------------------------
[debug] [2022-09-06T15:46:57.509Z] Command:       /usr/local/bin/node /usr/local/bin/firebase deploy
[debug] [2022-09-06T15:46:57.510Z] CLI Version:   11.8.0
[debug] [2022-09-06T15:46:57.510Z] Platform:      darwin
[debug] [2022-09-06T15:46:57.510Z] Node Version:  v16.13.2
[debug] [2022-09-06T15:46:57.511Z] Time:          Wed Sep 07 2022 00:46:57 GMT+0900 (日本標準時)
[debug] [2022-09-06T15:46:57.511Z] ----------------------------------------------------------------------
[debug] 
[debug] [2022-09-06T15:46:57.563Z] > command requires scopes: ["email","openid","https://www.googleapis.com/auth/cloudplatformprojects.readonly","https://www.googleapis.com/auth/firebase","https://www.googleapis.com/auth/cloud-platform"]
[debug] [2022-09-06T15:46:57.563Z] > authorizing via signed-in user (hizuraky@gmail.com)
[debug] [2022-09-06T15:46:57.563Z] [iam] checking project shift-maker-dc1f1 for permissions ["cloudfunctions.functions.create","cloudfunctions.functions.delete","cloudfunctions.functions.get","cloudfunctions.functions.list","cloudfunctions.functions.update","cloudfunctions.operations.get","firebase.projects.get"]
[debug] [2022-09-06T15:46:57.565Z] >>> [apiv2][query] POST https://cloudresourcemanager.googleapis.com/v1/projects/shift-maker-dc1f1:testIamPermissions [none]
[debug] [2022-09-06T15:46:57.565Z] >>> [apiv2][(partial)header] POST https://cloudresourcemanager.googleapis.com/v1/projects/shift-maker-dc1f1:testIamPermissions x-goog-quota-user=projects/shift-maker-dc1f1
[debug] [2022-09-06T15:46:57.565Z] >>> [apiv2][body] POST https://cloudresourcemanager.googleapis.com/v1/projects/shift-maker-dc1f1:testIamPermissions {"permissions":["cloudfunctions.functions.create","cloudfunctions.functions.delete","cloudfunctions.functions.get","cloudfunctions.functions.list","cloudfunctions.functions.update","cloudfunctions.operations.get","firebase.projects.get"]}
[debug] [2022-09-06T15:46:58.604Z] <<< [apiv2][status] POST https://cloudresourcemanager.googleapis.com/v1/projects/shift-maker-dc1f1:testIamPermissions 200
[debug] [2022-09-06T15:46:58.604Z] <<< [apiv2][body] POST https://cloudresourcemanager.googleapis.com/v1/projects/shift-maker-dc1f1:testIamPermissions {"permissions":["cloudfunctions.functions.create","cloudfunctions.functions.delete","cloudfunctions.functions.get","cloudfunctions.functions.list","cloudfunctions.functions.update","cloudfunctions.operations.get","firebase.projects.get"]}
[debug] [2022-09-06T15:46:58.605Z] >>> [apiv2][query] POST https://iam.googleapis.com/v1/projects/shift-maker-dc1f1/serviceAccounts/shift-maker-dc1f1@appspot.gserviceaccount.com:testIamPermissions [none]
[debug] [2022-09-06T15:46:58.605Z] >>> [apiv2][body] POST https://iam.googleapis.com/v1/projects/shift-maker-dc1f1/serviceAccounts/shift-maker-dc1f1@appspot.gserviceaccount.com:testIamPermissions {"permissions":["iam.serviceAccounts.actAs"]}
[debug] [2022-09-06T15:46:59.348Z] <<< [apiv2][status] POST https://iam.googleapis.com/v1/projects/shift-maker-dc1f1/serviceAccounts/shift-maker-dc1f1@appspot.gserviceaccount.com:testIamPermissions 200
[debug] [2022-09-06T15:46:59.348Z] <<< [apiv2][body] POST https://iam.googleapis.com/v1/projects/shift-maker-dc1f1/serviceAccounts/shift-maker-dc1f1@appspot.gserviceaccount.com:testIamPermissions {"permissions":["iam.serviceAccounts.actAs"]}
[info] 
[info] === Deploying to 'shift-maker-dc1f1'...
[info] 
[info] i  deploying functions 
[debug] [2022-09-06T15:46:59.351Z] >>> [apiv2][query] GET https://firebase.googleapis.com/v1beta1/projects/shift-maker-dc1f1 [none]
[debug] [2022-09-06T15:46:59.762Z] <<< [apiv2][status] GET https://firebase.googleapis.com/v1beta1/projects/shift-maker-dc1f1 200
[debug] [2022-09-06T15:46:59.762Z] <<< [apiv2][body] GET https://firebase.googleapis.com/v1beta1/projects/shift-maker-dc1f1 {"projectId":"shift-maker-dc1f1","projectNumber":"606319487021","displayName":"shift-maker","name":"projects/shift-maker-dc1f1","resources":{"hostingSite":"shift-maker-dc1f1","storageBucket":"shift-maker-dc1f1.appspot.com","locationId":"asia-northeast1"},"state":"ACTIVE","etag":"1_e2690f0e-bea6-42ac-8396-9f38deb90d60"}
[info] i  functions: ensuring required API cloudfunctions.googleapis.com is enabled... 
[info] i  functions: ensuring required API cloudbuild.googleapis.com is enabled... 
[info] i  artifactregistry: ensuring required API artifactregistry.googleapis.com is enabled... 
[debug] [2022-09-06T15:46:59.764Z] >>> [apiv2][query] GET https://serviceusage.googleapis.com/v1/projects/shift-maker-dc1f1/services/cloudfunctions.googleapis.com [none]
[debug] [2022-09-06T15:46:59.765Z] >>> [apiv2][query] GET https://serviceusage.googleapis.com/v1/projects/shift-maker-dc1f1/services/runtimeconfig.googleapis.com [none]
[debug] [2022-09-06T15:46:59.766Z] >>> [apiv2][query] GET https://serviceusage.googleapis.com/v1/projects/shift-maker-dc1f1/services/cloudbuild.googleapis.com [none]
[debug] [2022-09-06T15:46:59.767Z] >>> [apiv2][query] GET https://serviceusage.googleapis.com/v1/projects/shift-maker-dc1f1/services/artifactregistry.googleapis.com [none]
[debug] [2022-09-06T15:47:00.769Z] <<< [apiv2][status] GET https://serviceusage.googleapis.com/v1/projects/shift-maker-dc1f1/services/artifactregistry.googleapis.com 200
[debug] [2022-09-06T15:47:00.769Z] <<< [apiv2][body] GET https://serviceusage.googleapis.com/v1/projects/shift-maker-dc1f1/services/artifactregistry.googleapis.com [omitted]
[info] ✔  artifactregistry: required API artifactregistry.googleapis.com is enabled 
[debug] [2022-09-06T15:47:00.770Z] <<< [apiv2][status] GET https://serviceusage.googleapis.com/v1/projects/shift-maker-dc1f1/services/cloudfunctions.googleapis.com 200
[debug] [2022-09-06T15:47:00.770Z] <<< [apiv2][body] GET https://serviceusage.googleapis.com/v1/projects/shift-maker-dc1f1/services/cloudfunctions.googleapis.com [omitted]
[info] ✔  functions: required API cloudfunctions.googleapis.com is enabled 
[debug] [2022-09-06T15:47:00.771Z] <<< [apiv2][status] GET https://serviceusage.googleapis.com/v1/projects/shift-maker-dc1f1/services/cloudbuild.googleapis.com 200
[debug] [2022-09-06T15:47:00.771Z] <<< [apiv2][body] GET https://serviceusage.googleapis.com/v1/projects/shift-maker-dc1f1/services/cloudbuild.googleapis.com [omitted]
[info] ✔  functions: required API cloudbuild.googleapis.com is enabled 
[debug] [2022-09-06T15:47:00.849Z] <<< [apiv2][status] GET https://serviceusage.googleapis.com/v1/projects/shift-maker-dc1f1/services/runtimeconfig.googleapis.com 200
[debug] [2022-09-06T15:47:00.849Z] <<< [apiv2][body] GET https://serviceusage.googleapis.com/v1/projects/shift-maker-dc1f1/services/runtimeconfig.googleapis.com [omitted]
[debug] [2022-09-06T15:47:00.849Z] >>> [apiv2][query] GET https://firebase.googleapis.com/v1beta1/projects/shift-maker-dc1f1/adminSdkConfig [none]
[debug] [2022-09-06T15:47:01.421Z] <<< [apiv2][status] GET https://firebase.googleapis.com/v1beta1/projects/shift-maker-dc1f1/adminSdkConfig 200
[debug] [2022-09-06T15:47:01.422Z] <<< [apiv2][body] GET https://firebase.googleapis.com/v1beta1/projects/shift-maker-dc1f1/adminSdkConfig {"projectId":"shift-maker-dc1f1","storageBucket":"shift-maker-dc1f1.appspot.com","locationId":"asia-northeast1"}
[debug] [2022-09-06T15:47:01.422Z] >>> [apiv2][query] GET https://runtimeconfig.googleapis.com/v1beta1/projects/shift-maker-dc1f1/configs [none]
[debug] [2022-09-06T15:47:01.928Z] <<< [apiv2][status] GET https://runtimeconfig.googleapis.com/v1beta1/projects/shift-maker-dc1f1/configs 200
[debug] [2022-09-06T15:47:01.928Z] <<< [apiv2][body] GET https://runtimeconfig.googleapis.com/v1beta1/projects/shift-maker-dc1f1/configs {}
[info] i  functions: preparing codebase default for deployment 
[debug] [2022-09-06T15:47:01.930Z] Validating nodejs source
[debug] [2022-09-06T15:47:03.065Z] > [functions] package.json contents: {
  "name": "functions",
  "scripts": {
    "build": "tsc",
    "build:watch": "tsc --watch",
    "serve": "npm run build && firebase emulators:start --only functions",
    "shell": "npm run build && firebase functions:shell",
    "start": "npm run shell",
    "deploy": "firebase deploy --only functions",
    "logs": "firebase functions:log"
  },
  "engines": {
    "node": "16"
  },
  "main": "lib/index.js",
  "dependencies": {
    "firebase-admin": "^10.2.0",
    "firebase-functions": "^3.21.0"
  },
  "devDependencies": {
    "typescript": "^4.6.4"
  },
  "private": true
}
[debug] [2022-09-06T15:47:03.066Z] Building nodejs source
[debug] [2022-09-06T15:47:03.068Z] Could not find functions.yaml. Must use http discovery
[debug] [2022-09-06T15:47:03.216Z] Serving at port 9005

[debug] [2022-09-06T15:47:03.456Z] Got response from /__/functions.yaml {"endpoints":{"setCustomClaims":{"platform":"gcfv1","region":["asia-northeast1"],"eventTrigger":{"eventType":"providers/firebase.auth/eventTypes/user.create","eventFilters":{"resource":"projects/shift-maker-dc1f1"},"retry":false},"labels":{},"entryPoint":"setCustomClaims"}},"specVersion":"v1alpha1","requiredAPIs":[]}
[debug] [2022-09-06T15:47:03.463Z] shutdown requested via /__/quitquitquit

[info] i  functions: preparing functions directory for uploading... 
[info] i  functions: packaged /Users/kazukihirasawa/Documents/private/Samples/Shift-maker/functions (57.56 KB) for uploading 
[debug] [2022-09-06T15:47:03.522Z] >>> [apiv2][query] GET https://cloudfunctions.googleapis.com/v1/projects/shift-maker-dc1f1/locations/-/functions [none]
[debug] [2022-09-06T15:47:04.699Z] <<< [apiv2][status] GET https://cloudfunctions.googleapis.com/v1/projects/shift-maker-dc1f1/locations/-/functions 200
[debug] [2022-09-06T15:47:04.699Z] <<< [apiv2][body] GET https://cloudfunctions.googleapis.com/v1/projects/shift-maker-dc1f1/locations/-/functions {"functions":[{"name":"projects/shift-maker-dc1f1/locations/asia-northeast1/functions/setCustomClaims","eventTrigger":{"eventType":"providers/firebase.auth/eventTypes/user.create","resource":"projects/shift-maker-dc1f1","service":"firebaseauth.googleapis.com","failurePolicy":{}},"status":"ACTIVE","entryPoint":"setCustomClaims","timeout":"60s","availableMemoryMb":256,"serviceAccountEmail":"shift-maker-dc1f1@appspot.gserviceaccount.com","updateTime":"2022-09-06T15:46:30.978Z","versionId":"9","labels":{"deployment-tool":"cli-firebase"},"sourceUploadUrl":"https://storage.googleapis.com/uploads-552695438110.asia-northeast1.cloudfunctions.appspot.com/594501a2-56a7-46d5-8fcd-e0207c1e994f.zip","environmentVariables":{"FIREBASE_CONFIG":"{\"projectId\":\"shift-maker-dc1f1\",\"storageBucket\":\"shift-maker-dc1f1.appspot.com\",\"locationId\":\"asia-northeast1\"}","GCLOUD_PROJECT":"shift-maker-dc1f1"},"runtime":"nodejs16","ingressSettings":"ALLOW_ALL","buildId":"283cffb3-cf8d-456f-bf04-9054ca91d6dc","buildName":"projects/606319487021/locations/asia-northeast1/builds/283cffb3-cf8d-456f-bf04-9054ca91d6dc","dockerRegistry":"ARTIFACT_REGISTRY"},{"name":"projects/shift-maker-dc1f1/locations/us-central1/functions/helloWorld","httpsTrigger":{"url":"https://us-central1-shift-maker-dc1f1.cloudfunctions.net/helloWorld","securityLevel":"SECURE_ALWAYS"},"status":"ACTIVE","entryPoint":"helloWorld","timeout":"60s","availableMemoryMb":256,"serviceAccountEmail":"shift-maker-dc1f1@appspot.gserviceaccount.com","updateTime":"2022-09-06T15:36:46.915Z","versionId":"1","labels":{"deployment-tool":"cli-firebase"},"sourceUploadUrl":"https://storage.googleapis.com/uploads-551727736030.us-central1.cloudfunctions.appspot.com/28d63341-5499-4b9b-baf7-bdfab1b691db.zip","environmentVariables":{"FIREBASE_CONFIG":"{\"projectId\":\"shift-maker-dc1f1\",\"storageBucket\":\"shift-maker-dc1f1.appspot.com\",\"locationId\":\"asia-northeast1\"}","GCLOUD_PROJECT":"shift-maker-dc1f1"},"runtime":"nodejs16","ingressSettings":"ALLOW_ALL","buildId":"72479211-2334-4425-b214-4e4d97370dc9","buildName":"projects/606319487021/locations/us-central1/builds/72479211-2334-4425-b214-4e4d97370dc9","dockerRegistry":"ARTIFACT_REGISTRY"}]}
[debug] [2022-09-06T15:47:04.700Z] >>> [apiv2][query] GET https://cloudfunctions.googleapis.com/v2alpha/projects/shift-maker-dc1f1/locations/-/functions [none]
[debug] [2022-09-06T15:47:06.181Z] <<< [apiv2][status] GET https://cloudfunctions.googleapis.com/v2alpha/projects/shift-maker-dc1f1/locations/-/functions 200
[debug] [2022-09-06T15:47:06.182Z] <<< [apiv2][body] GET https://cloudfunctions.googleapis.com/v2alpha/projects/shift-maker-dc1f1/locations/-/functions {}
[debug] [2022-09-06T15:47:06.189Z] >>> [apiv2][query] GET https://firebase.googleapis.com/v1beta1/projects/shift-maker-dc1f1 [none]
[debug] [2022-09-06T15:47:06.645Z] <<< [apiv2][status] GET https://firebase.googleapis.com/v1beta1/projects/shift-maker-dc1f1 200
[debug] [2022-09-06T15:47:06.646Z] <<< [apiv2][body] GET https://firebase.googleapis.com/v1beta1/projects/shift-maker-dc1f1 {"projectId":"shift-maker-dc1f1","projectNumber":"606319487021","displayName":"shift-maker","name":"projects/shift-maker-dc1f1","resources":{"hostingSite":"shift-maker-dc1f1","storageBucket":"shift-maker-dc1f1.appspot.com","locationId":"asia-northeast1"},"state":"ACTIVE","etag":"1_e2690f0e-bea6-42ac-8396-9f38deb90d60"}
[debug] [2022-09-06T15:47:06.647Z] >>> [apiv2][query] POST https://cloudfunctions.googleapis.com/v1/projects/shift-maker-dc1f1/locations/asia-northeast1/functions:generateUploadUrl [none]
[debug] [2022-09-06T15:47:06.647Z] >>> [apiv2][body] POST https://cloudfunctions.googleapis.com/v1/projects/shift-maker-dc1f1/locations/asia-northeast1/functions:generateUploadUrl {}
[debug] [2022-09-06T15:47:09.000Z] <<< [apiv2][status] POST https://cloudfunctions.googleapis.com/v1/projects/shift-maker-dc1f1/locations/asia-northeast1/functions:generateUploadUrl 200
[debug] [2022-09-06T15:47:09.000Z] <<< [apiv2][body] POST https://cloudfunctions.googleapis.com/v1/projects/shift-maker-dc1f1/locations/asia-northeast1/functions:generateUploadUrl {"uploadUrl":"https://storage.googleapis.com/uploads-552695438110.asia-northeast1.cloudfunctions.appspot.com/64a817cf-f662-47ae-8474-0e5c2a04cfa3.zip?GoogleAccessId=service-606319487021@gcf-admin-robot.iam.gserviceaccount.com&Expires=1662481028&Signature=LIEnnbyx8hgeJr04Rs%2Bdp9ySzYivMuV0G7NyGgb0N%2BjDs%2F6nDdCRnKWGDEdv0RCJwlzIJ9I2ZSDCov%2BH9aEehSxxXdEQYflPC059ZO41rd0kHM4CpxPExKnqcWHB4%2B3JuZ5X7E2aK90dhdiMQVIf7dzwSNX9kZk0S2KTw7yXDpWCwvSsPdvUmFm8eI7f%2FSBJt6F2Ma7Su0iVZjswY81mnSb0JneEFYBFNBiUYVV5neqpr6q%2BRJ4wBTuJ5D%2BNWJC170xhnXQAiY5LZFvo7iUnt2oz5nuQG7R%2FiFUeSz8%2BbhtZFcvLif%2FQDS2DeJsuvTvSv8iS1g9QUldciF4Y0oPR4Q%3D%3D"}
[debug] [2022-09-06T15:47:09.001Z] >>> [apiv2][query] PUT https://storage.googleapis.com/uploads-552695438110.asia-northeast1.cloudfunctions.appspot.com/64a817cf-f662-47ae-8474-0e5c2a04cfa3.zip GoogleAccessId=service-606319487021%40gcf-admin-robot.iam.gserviceaccount.com&Expires=1662481028&Signature=LIEnnbyx8hgeJr04Rs%2Bdp9ySzYivMuV0G7NyGgb0N%2BjDs%2F6nDdCRnKWGDEdv0RCJwlzIJ9I2ZSDCov%2BH9aEehSxxXdEQYflPC059ZO41rd0kHM4CpxPExKnqcWHB4%2B3JuZ5X7E2aK90dhdiMQVIf7dzwSNX9kZk0S2KTw7yXDpWCwvSsPdvUmFm8eI7f%2FSBJt6F2Ma7Su0iVZjswY81mnSb0JneEFYBFNBiUYVV5neqpr6q%2BRJ4wBTuJ5D%2BNWJC170xhnXQAiY5LZFvo7iUnt2oz5nuQG7R%2FiFUeSz8%2BbhtZFcvLif%2FQDS2DeJsuvTvSv8iS1g9QUldciF4Y0oPR4Q%3D%3D
[debug] [2022-09-06T15:47:09.001Z] >>> [apiv2][body] PUT https://storage.googleapis.com/uploads-552695438110.asia-northeast1.cloudfunctions.appspot.com/64a817cf-f662-47ae-8474-0e5c2a04cfa3.zip [stream]
[debug] [2022-09-06T15:47:09.306Z] <<< [apiv2][status] PUT https://storage.googleapis.com/uploads-552695438110.asia-northeast1.cloudfunctions.appspot.com/64a817cf-f662-47ae-8474-0e5c2a04cfa3.zip 200
[debug] [2022-09-06T15:47:09.306Z] <<< [apiv2][body] PUT https://storage.googleapis.com/uploads-552695438110.asia-northeast1.cloudfunctions.appspot.com/64a817cf-f662-47ae-8474-0e5c2a04cfa3.zip [omitted]
[info] ✔  functions: functions folder uploaded successfully 
[info] 
The following functions are found in your project but do not exist in your local source code:
	helloWorld(us-central1)

If you are renaming a function or changing its region, it is recommended that you create the new function first before deleting the old one to prevent event loss. For more info, visit https://firebase.google.com/docs/functions/manage-functions#modify

[info] i  functions: updating Node.js 16 function setCustomClaims(asia-northeast1)... 
[debug] [2022-09-06T15:47:25.278Z] >>> [apiv2][query] PATCH https://cloudfunctions.googleapis.com/v1/projects/shift-maker-dc1f1/locations/asia-northeast1/functions/setCustomClaims updateMask=name%2CsourceUploadUrl%2CentryPoint%2Cruntime%2CdockerRegistry%2Clabels%2CeventTrigger.eventType%2CeventTrigger.resource%2CeventTrigger.failurePolicy%2CenvironmentVariables%2CavailableMemoryMb%2CsourceToken
[debug] [2022-09-06T15:47:25.278Z] >>> [apiv2][body] PATCH https://cloudfunctions.googleapis.com/v1/projects/shift-maker-dc1f1/locations/asia-northeast1/functions/setCustomClaims {"name":"projects/shift-maker-dc1f1/locations/asia-northeast1/functions/setCustomClaims","sourceUploadUrl":"https://storage.googleapis.com/uploads-552695438110.asia-northeast1.cloudfunctions.appspot.com/64a817cf-f662-47ae-8474-0e5c2a04cfa3.zip?GoogleAccessId=service-606319487021@gcf-admin-robot.iam.gserviceaccount.com&Expires=1662481028&Signature=LIEnnbyx8hgeJr04Rs%2Bdp9ySzYivMuV0G7NyGgb0N%2BjDs%2F6nDdCRnKWGDEdv0RCJwlzIJ9I2ZSDCov%2BH9aEehSxxXdEQYflPC059ZO41rd0kHM4CpxPExKnqcWHB4%2B3JuZ5X7E2aK90dhdiMQVIf7dzwSNX9kZk0S2KTw7yXDpWCwvSsPdvUmFm8eI7f%2FSBJt6F2Ma7Su0iVZjswY81mnSb0JneEFYBFNBiUYVV5neqpr6q%2BRJ4wBTuJ5D%2BNWJC170xhnXQAiY5LZFvo7iUnt2oz5nuQG7R%2FiFUeSz8%2BbhtZFcvLif%2FQDS2DeJsuvTvSv8iS1g9QUldciF4Y0oPR4Q%3D%3D","entryPoint":"setCustomClaims","runtime":"nodejs16","dockerRegistry":"ARTIFACT_REGISTRY","labels":{"deployment-tool":"cli-firebase"},"eventTrigger":{"eventType":"providers/firebase.auth/eventTypes/user.create","resource":"projects/shift-maker-dc1f1"},"environmentVariables":{"FIREBASE_CONFIG":"{\"projectId\":\"shift-maker-dc1f1\",\"storageBucket\":\"shift-maker-dc1f1.appspot.com\",\"locationId\":\"asia-northeast1\"}","GCLOUD_PROJECT":"shift-maker-dc1f1"},"availableMemoryMb":256}
[debug] [2022-09-06T15:47:26.921Z] <<< [apiv2][status] PATCH https://cloudfunctions.googleapis.com/v1/projects/shift-maker-dc1f1/locations/asia-northeast1/functions/setCustomClaims 200
[debug] [2022-09-06T15:47:26.921Z] <<< [apiv2][body] PATCH https://cloudfunctions.googleapis.com/v1/projects/shift-maker-dc1f1/locations/asia-northeast1/functions/setCustomClaims {"name":"operations/c2hpZnQtbWFrZXItZGMxZjEvYXNpYS1ub3J0aGVhc3QxL3NldEN1c3RvbUNsYWltcy9jUC1tY3ZfemFPSQ","metadata":{"@type":"type.googleapis.com/google.cloud.functions.v1.OperationMetadataV1","target":"projects/shift-maker-dc1f1/locations/asia-northeast1/functions/setCustomClaims","type":"UPDATE_FUNCTION","request":{"@type":"type.googleapis.com/google.cloud.functions.v1.CloudFunction","name":"projects/shift-maker-dc1f1/locations/asia-northeast1/functions/setCustomClaims","eventTrigger":{"eventType":"providers/firebase.auth/eventTypes/user.create","resource":"projects/shift-maker-dc1f1","service":"firebaseauth.googleapis.com"},"status":"ACTIVE","entryPoint":"setCustomClaims","timeout":"60s","availableMemoryMb":256,"serviceAccountEmail":"shift-maker-dc1f1@appspot.gserviceaccount.com","updateTime":"2022-09-06T15:46:30.978Z","versionId":"9","labels":{"deployment-tool":"cli-firebase"},"sourceUploadUrl":"https://storage.googleapis.com/uploads-552695438110.asia-northeast1.cloudfunctions.appspot.com/64a817cf-f662-47ae-8474-0e5c2a04cfa3.zip?GoogleAccessId=service-606319487021@gcf-admin-robot.iam.gserviceaccount.com&Expires=1662481028&Signature=LIEnnbyx8hgeJr04Rs%2Bdp9ySzYivMuV0G7NyGgb0N%2BjDs%2F6nDdCRnKWGDEdv0RCJwlzIJ9I2ZSDCov%2BH9aEehSxxXdEQYflPC059ZO41rd0kHM4CpxPExKnqcWHB4%2B3JuZ5X7E2aK90dhdiMQVIf7dzwSNX9kZk0S2KTw7yXDpWCwvSsPdvUmFm8eI7f%2FSBJt6F2Ma7Su0iVZjswY81mnSb0JneEFYBFNBiUYVV5neqpr6q%2BRJ4wBTuJ5D%2BNWJC170xhnXQAiY5LZFvo7iUnt2oz5nuQG7R%2FiFUeSz8%2BbhtZFcvLif%2FQDS2DeJsuvTvSv8iS1g9QUldciF4Y0oPR4Q%3D%3D","environmentVariables":{"FIREBASE_CONFIG":"{\"projectId\":\"shift-maker-dc1f1\",\"storageBucket\":\"shift-maker-dc1f1.appspot.com\",\"locationId\":\"asia-northeast1\"}","GCLOUD_PROJECT":"shift-maker-dc1f1"},"runtime":"nodejs16","ingressSettings":"ALLOW_ALL","buildId":"283cffb3-cf8d-456f-bf04-9054ca91d6dc","buildName":"projects/606319487021/locations/asia-northeast1/builds/283cffb3-cf8d-456f-bf04-9054ca91d6dc","dockerRegistry":"ARTIFACT_REGISTRY"},"versionId":"10","updateTime":"2022-09-06T15:47:26Z"}}
[debug] [2022-09-06T15:47:26.922Z] >>> [apiv2][query] GET https://cloudfunctions.googleapis.com/v1/operations/c2hpZnQtbWFrZXItZGMxZjEvYXNpYS1ub3J0aGVhc3QxL3NldEN1c3RvbUNsYWltcy9jUC1tY3ZfemFPSQ [none]
[debug] [2022-09-06T15:47:27.941Z] <<< [apiv2][status] GET https://cloudfunctions.googleapis.com/v1/operations/c2hpZnQtbWFrZXItZGMxZjEvYXNpYS1ub3J0aGVhc3QxL3NldEN1c3RvbUNsYWltcy9jUC1tY3ZfemFPSQ 200
[debug] [2022-09-06T15:47:27.942Z] <<< [apiv2][body] GET https://cloudfunctions.googleapis.com/v1/operations/c2hpZnQtbWFrZXItZGMxZjEvYXNpYS1ub3J0aGVhc3QxL3NldEN1c3RvbUNsYWltcy9jUC1tY3ZfemFPSQ {"name":"operations/c2hpZnQtbWFrZXItZGMxZjEvYXNpYS1ub3J0aGVhc3QxL3NldEN1c3RvbUNsYWltcy9jUC1tY3ZfemFPSQ","metadata":{"@type":"type.googleapis.com/google.cloud.functions.v1.OperationMetadataV1","target":"projects/shift-maker-dc1f1/locations/asia-northeast1/functions/setCustomClaims","type":"UPDATE_FUNCTION","request":{"@type":"type.googleapis.com/google.cloud.functions.v1.CloudFunction","name":"projects/shift-maker-dc1f1/locations/asia-northeast1/functions/setCustomClaims","eventTrigger":{"eventType":"providers/firebase.auth/eventTypes/user.create","resource":"projects/shift-maker-dc1f1","service":"firebaseauth.googleapis.com"},"status":"ACTIVE","entryPoint":"setCustomClaims","timeout":"60s","availableMemoryMb":256,"serviceAccountEmail":"shift-maker-dc1f1@appspot.gserviceaccount.com","updateTime":"2022-09-06T15:46:30.978Z","versionId":"9","labels":{"deployment-tool":"cli-firebase"},"sourceUploadUrl":"https://storage.googleapis.com/uploads-552695438110.asia-northeast1.cloudfunctions.appspot.com/64a817cf-f662-47ae-8474-0e5c2a04cfa3.zip?GoogleAccessId=service-606319487021@gcf-admin-robot.iam.gserviceaccount.com&Expires=1662481028&Signature=LIEnnbyx8hgeJr04Rs%2Bdp9ySzYivMuV0G7NyGgb0N%2BjDs%2F6nDdCRnKWGDEdv0RCJwlzIJ9I2ZSDCov%2BH9aEehSxxXdEQYflPC059ZO41rd0kHM4CpxPExKnqcWHB4%2B3JuZ5X7E2aK90dhdiMQVIf7dzwSNX9kZk0S2KTw7yXDpWCwvSsPdvUmFm8eI7f%2FSBJt6F2Ma7Su0iVZjswY81mnSb0JneEFYBFNBiUYVV5neqpr6q%2BRJ4wBTuJ5D%2BNWJC170xhnXQAiY5LZFvo7iUnt2oz5nuQG7R%2FiFUeSz8%2BbhtZFcvLif%2FQDS2DeJsuvTvSv8iS1g9QUldciF4Y0oPR4Q%3D%3D","environmentVariables":{"FIREBASE_CONFIG":"{\"projectId\":\"shift-maker-dc1f1\",\"storageBucket\":\"shift-maker-dc1f1.appspot.com\",\"locationId\":\"asia-northeast1\"}","GCLOUD_PROJECT":"shift-maker-dc1f1"},"runtime":"nodejs16","ingressSettings":"ALLOW_ALL","buildId":"283cffb3-cf8d-456f-bf04-9054ca91d6dc","buildName":"projects/606319487021/locations/asia-northeast1/builds/283cffb3-cf8d-456f-bf04-9054ca91d6dc","dockerRegistry":"ARTIFACT_REGISTRY"},"versionId":"10","updateTime":"2022-09-06T15:47:26Z"}}
[debug] [2022-09-06T15:47:28.445Z] [update-default-asia-northeast1-setCustomClaims] Retrying task index 0
[debug] [2022-09-06T15:47:28.446Z] >>> [apiv2][query] GET https://cloudfunctions.googleapis.com/v1/operations/c2hpZnQtbWFrZXItZGMxZjEvYXNpYS1ub3J0aGVhc3QxL3NldEN1c3RvbUNsYWltcy9jUC1tY3ZfemFPSQ [none]
[debug] [2022-09-06T15:47:29.148Z] <<< [apiv2][status] GET https://cloudfunctions.googleapis.com/v1/operations/c2hpZnQtbWFrZXItZGMxZjEvYXNpYS1ub3J0aGVhc3QxL3NldEN1c3RvbUNsYWltcy9jUC1tY3ZfemFPSQ 200
[debug] [2022-09-06T15:47:29.148Z] <<< [apiv2][body] GET https://cloudfunctions.googleapis.com/v1/operations/c2hpZnQtbWFrZXItZGMxZjEvYXNpYS1ub3J0aGVhc3QxL3NldEN1c3RvbUNsYWltcy9jUC1tY3ZfemFPSQ {"name":"operations/c2hpZnQtbWFrZXItZGMxZjEvYXNpYS1ub3J0aGVhc3QxL3NldEN1c3RvbUNsYWltcy9jUC1tY3ZfemFPSQ","metadata":{"@type":"type.googleapis.com/google.cloud.functions.v1.OperationMetadataV1","target":"projects/shift-maker-dc1f1/locations/asia-northeast1/functions/setCustomClaims","type":"UPDATE_FUNCTION","request":{"@type":"type.googleapis.com/google.cloud.functions.v1.CloudFunction","name":"projects/shift-maker-dc1f1/locations/asia-northeast1/functions/setCustomClaims","eventTrigger":{"eventType":"providers/firebase.auth/eventTypes/user.create","resource":"projects/shift-maker-dc1f1","service":"firebaseauth.googleapis.com"},"status":"ACTIVE","entryPoint":"setCustomClaims","timeout":"60s","availableMemoryMb":256,"serviceAccountEmail":"shift-maker-dc1f1@appspot.gserviceaccount.com","updateTime":"2022-09-06T15:46:30.978Z","versionId":"9","labels":{"deployment-tool":"cli-firebase"},"sourceUploadUrl":"https://storage.googleapis.com/uploads-552695438110.asia-northeast1.cloudfunctions.appspot.com/64a817cf-f662-47ae-8474-0e5c2a04cfa3.zip?GoogleAccessId=service-606319487021@gcf-admin-robot.iam.gserviceaccount.com&Expires=1662481028&Signature=LIEnnbyx8hgeJr04Rs%2Bdp9ySzYivMuV0G7NyGgb0N%2BjDs%2F6nDdCRnKWGDEdv0RCJwlzIJ9I2ZSDCov%2BH9aEehSxxXdEQYflPC059ZO41rd0kHM4CpxPExKnqcWHB4%2B3JuZ5X7E2aK90dhdiMQVIf7dzwSNX9kZk0S2KTw7yXDpWCwvSsPdvUmFm8eI7f%2FSBJt6F2Ma7Su0iVZjswY81mnSb0JneEFYBFNBiUYVV5neqpr6q%2BRJ4wBTuJ5D%2BNWJC170xhnXQAiY5LZFvo7iUnt2oz5nuQG7R%2FiFUeSz8%2BbhtZFcvLif%2FQDS2DeJsuvTvSv8iS1g9QUldciF4Y0oPR4Q%3D%3D","environmentVariables":{"FIREBASE_CONFIG":"{\"projectId\":\"shift-maker-dc1f1\",\"storageBucket\":\"shift-maker-dc1f1.appspot.com\",\"locationId\":\"asia-northeast1\"}","GCLOUD_PROJECT":"shift-maker-dc1f1"},"runtime":"nodejs16","ingressSettings":"ALLOW_ALL","buildId":"283cffb3-cf8d-456f-bf04-9054ca91d6dc","buildName":"projects/606319487021/locations/asia-northeast1/builds/283cffb3-cf8d-456f-bf04-9054ca91d6dc","dockerRegistry":"ARTIFACT_REGISTRY"},"versionId":"10","updateTime":"2022-09-06T15:47:27Z"}}
[debug] [2022-09-06T15:47:30.153Z] [update-default-asia-northeast1-setCustomClaims] Retrying task index 0
[debug] [2022-09-06T15:47:30.154Z] >>> [apiv2][query] GET https://cloudfunctions.googleapis.com/v1/operations/c2hpZnQtbWFrZXItZGMxZjEvYXNpYS1ub3J0aGVhc3QxL3NldEN1c3RvbUNsYWltcy9jUC1tY3ZfemFPSQ [none]
[debug] [2022-09-06T15:47:30.812Z] <<< [apiv2][status] GET https://cloudfunctions.googleapis.com/v1/operations/c2hpZnQtbWFrZXItZGMxZjEvYXNpYS1ub3J0aGVhc3QxL3NldEN1c3RvbUNsYWltcy9jUC1tY3ZfemFPSQ 200
[debug] [2022-09-06T15:47:30.812Z] <<< [apiv2][body] GET https://cloudfunctions.googleapis.com/v1/operations/c2hpZnQtbWFrZXItZGMxZjEvYXNpYS1ub3J0aGVhc3QxL3NldEN1c3RvbUNsYWltcy9jUC1tY3ZfemFPSQ {"name":"operations/c2hpZnQtbWFrZXItZGMxZjEvYXNpYS1ub3J0aGVhc3QxL3NldEN1c3RvbUNsYWltcy9jUC1tY3ZfemFPSQ","metadata":{"@type":"type.googleapis.com/google.cloud.functions.v1.OperationMetadataV1","target":"projects/shift-maker-dc1f1/locations/asia-northeast1/functions/setCustomClaims","type":"UPDATE_FUNCTION","request":{"@type":"type.googleapis.com/google.cloud.functions.v1.CloudFunction","name":"projects/shift-maker-dc1f1/locations/asia-northeast1/functions/setCustomClaims","eventTrigger":{"eventType":"providers/firebase.auth/eventTypes/user.create","resource":"projects/shift-maker-dc1f1","service":"firebaseauth.googleapis.com"},"status":"ACTIVE","entryPoint":"setCustomClaims","timeout":"60s","availableMemoryMb":256,"serviceAccountEmail":"shift-maker-dc1f1@appspot.gserviceaccount.com","updateTime":"2022-09-06T15:46:30.978Z","versionId":"9","labels":{"deployment-tool":"cli-firebase"},"sourceUploadUrl":"https://storage.googleapis.com/uploads-552695438110.asia-northeast1.cloudfunctions.appspot.com/64a817cf-f662-47ae-8474-0e5c2a04cfa3.zip?GoogleAccessId=service-606319487021@gcf-admin-robot.iam.gserviceaccount.com&Expires=1662481028&Signature=LIEnnbyx8hgeJr04Rs%2Bdp9ySzYivMuV0G7NyGgb0N%2BjDs%2F6nDdCRnKWGDEdv0RCJwlzIJ9I2ZSDCov%2BH9aEehSxxXdEQYflPC059ZO41rd0kHM4CpxPExKnqcWHB4%2B3JuZ5X7E2aK90dhdiMQVIf7dzwSNX9kZk0S2KTw7yXDpWCwvSsPdvUmFm8eI7f%2FSBJt6F2Ma7Su0iVZjswY81mnSb0JneEFYBFNBiUYVV5neqpr6q%2BRJ4wBTuJ5D%2BNWJC170xhnXQAiY5LZFvo7iUnt2oz5nuQG7R%2FiFUeSz8%2BbhtZFcvLif%2FQDS2DeJsuvTvSv8iS1g9QUldciF4Y0oPR4Q%3D%3D","environmentVariables":{"FIREBASE_CONFIG":"{\"projectId\":\"shift-maker-dc1f1\",\"storageBucket\":\"shift-maker-dc1f1.appspot.com\",\"locationId\":\"asia-northeast1\"}","GCLOUD_PROJECT":"shift-maker-dc1f1"},"runtime":"nodejs16","ingressSettings":"ALLOW_ALL","buildId":"283cffb3-cf8d-456f-bf04-9054ca91d6dc","buildName":"projects/606319487021/locations/asia-northeast1/builds/283cffb3-cf8d-456f-bf04-9054ca91d6dc","dockerRegistry":"ARTIFACT_REGISTRY"},"versionId":"10","updateTime":"2022-09-06T15:47:27Z","buildId":"10aa7128-f5b9-49dd-90fc-bd90225ecec5","buildName":"projects/606319487021/locations/asia-northeast1/builds/10aa7128-f5b9-49dd-90fc-bd90225ecec5"}}
[debug] [2022-09-06T15:47:32.816Z] [update-default-asia-northeast1-setCustomClaims] Retrying task index 0
[debug] [2022-09-06T15:47:32.817Z] >>> [apiv2][query] GET https://cloudfunctions.googleapis.com/v1/operations/c2hpZnQtbWFrZXItZGMxZjEvYXNpYS1ub3J0aGVhc3QxL3NldEN1c3RvbUNsYWltcy9jUC1tY3ZfemFPSQ [none]
[debug] [2022-09-06T15:47:33.479Z] <<< [apiv2][status] GET https://cloudfunctions.googleapis.com/v1/operations/c2hpZnQtbWFrZXItZGMxZjEvYXNpYS1ub3J0aGVhc3QxL3NldEN1c3RvbUNsYWltcy9jUC1tY3ZfemFPSQ 200
[debug] [2022-09-06T15:47:33.479Z] <<< [apiv2][body] GET https://cloudfunctions.googleapis.com/v1/operations/c2hpZnQtbWFrZXItZGMxZjEvYXNpYS1ub3J0aGVhc3QxL3NldEN1c3RvbUNsYWltcy9jUC1tY3ZfemFPSQ {"name":"operations/c2hpZnQtbWFrZXItZGMxZjEvYXNpYS1ub3J0aGVhc3QxL3NldEN1c3RvbUNsYWltcy9jUC1tY3ZfemFPSQ","metadata":{"@type":"type.googleapis.com/google.cloud.functions.v1.OperationMetadataV1","target":"projects/shift-maker-dc1f1/locations/asia-northeast1/functions/setCustomClaims","type":"UPDATE_FUNCTION","request":{"@type":"type.googleapis.com/google.cloud.functions.v1.CloudFunction","name":"projects/shift-maker-dc1f1/locations/asia-northeast1/functions/setCustomClaims","eventTrigger":{"eventType":"providers/firebase.auth/eventTypes/user.create","resource":"projects/shift-maker-dc1f1","service":"firebaseauth.googleapis.com"},"status":"ACTIVE","entryPoint":"setCustomClaims","timeout":"60s","availableMemoryMb":256,"serviceAccountEmail":"shift-maker-dc1f1@appspot.gserviceaccount.com","updateTime":"2022-09-06T15:46:30.978Z","versionId":"9","labels":{"deployment-tool":"cli-firebase"},"sourceUploadUrl":"https://storage.googleapis.com/uploads-552695438110.asia-northeast1.cloudfunctions.appspot.com/64a817cf-f662-47ae-8474-0e5c2a04cfa3.zip?GoogleAccessId=service-606319487021@gcf-admin-robot.iam.gserviceaccount.com&Expires=1662481028&Signature=LIEnnbyx8hgeJr04Rs%2Bdp9ySzYivMuV0G7NyGgb0N%2BjDs%2F6nDdCRnKWGDEdv0RCJwlzIJ9I2ZSDCov%2BH9aEehSxxXdEQYflPC059ZO41rd0kHM4CpxPExKnqcWHB4%2B3JuZ5X7E2aK90dhdiMQVIf7dzwSNX9kZk0S2KTw7yXDpWCwvSsPdvUmFm8eI7f%2FSBJt6F2Ma7Su0iVZjswY81mnSb0JneEFYBFNBiUYVV5neqpr6q%2BRJ4wBTuJ5D%2BNWJC170xhnXQAiY5LZFvo7iUnt2oz5nuQG7R%2FiFUeSz8%2BbhtZFcvLif%2FQDS2DeJsuvTvSv8iS1g9QUldciF4Y0oPR4Q%3D%3D","environmentVariables":{"FIREBASE_CONFIG":"{\"projectId\":\"shift-maker-dc1f1\",\"storageBucket\":\"shift-maker-dc1f1.appspot.com\",\"locationId\":\"asia-northeast1\"}","GCLOUD_PROJECT":"shift-maker-dc1f1"},"runtime":"nodejs16","ingressSettings":"ALLOW_ALL","buildId":"283cffb3-cf8d-456f-bf04-9054ca91d6dc","buildName":"projects/606319487021/locations/asia-northeast1/builds/283cffb3-cf8d-456f-bf04-9054ca91d6dc","dockerRegistry":"ARTIFACT_REGISTRY"},"versionId":"10","updateTime":"2022-09-06T15:47:27Z","buildId":"10aa7128-f5b9-49dd-90fc-bd90225ecec5","buildName":"projects/606319487021/locations/asia-northeast1/builds/10aa7128-f5b9-49dd-90fc-bd90225ecec5"}}
[debug] [2022-09-06T15:47:37.484Z] [update-default-asia-northeast1-setCustomClaims] Retrying task index 0
[debug] [2022-09-06T15:47:37.484Z] >>> [apiv2][query] GET https://cloudfunctions.googleapis.com/v1/operations/c2hpZnQtbWFrZXItZGMxZjEvYXNpYS1ub3J0aGVhc3QxL3NldEN1c3RvbUNsYWltcy9jUC1tY3ZfemFPSQ [none]
[debug] [2022-09-06T15:47:38.041Z] <<< [apiv2][status] GET https://cloudfunctions.googleapis.com/v1/operations/c2hpZnQtbWFrZXItZGMxZjEvYXNpYS1ub3J0aGVhc3QxL3NldEN1c3RvbUNsYWltcy9jUC1tY3ZfemFPSQ 200
[debug] [2022-09-06T15:47:38.041Z] <<< [apiv2][body] GET https://cloudfunctions.googleapis.com/v1/operations/c2hpZnQtbWFrZXItZGMxZjEvYXNpYS1ub3J0aGVhc3QxL3NldEN1c3RvbUNsYWltcy9jUC1tY3ZfemFPSQ {"name":"operations/c2hpZnQtbWFrZXItZGMxZjEvYXNpYS1ub3J0aGVhc3QxL3NldEN1c3RvbUNsYWltcy9jUC1tY3ZfemFPSQ","metadata":{"@type":"type.googleapis.com/google.cloud.functions.v1.OperationMetadataV1","target":"projects/shift-maker-dc1f1/locations/asia-northeast1/functions/setCustomClaims","type":"UPDATE_FUNCTION","request":{"@type":"type.googleapis.com/google.cloud.functions.v1.CloudFunction","name":"projects/shift-maker-dc1f1/locations/asia-northeast1/functions/setCustomClaims","eventTrigger":{"eventType":"providers/firebase.auth/eventTypes/user.create","resource":"projects/shift-maker-dc1f1","service":"firebaseauth.googleapis.com"},"status":"ACTIVE","entryPoint":"setCustomClaims","timeout":"60s","availableMemoryMb":256,"serviceAccountEmail":"shift-maker-dc1f1@appspot.gserviceaccount.com","updateTime":"2022-09-06T15:46:30.978Z","versionId":"9","labels":{"deployment-tool":"cli-firebase"},"sourceUploadUrl":"https://storage.googleapis.com/uploads-552695438110.asia-northeast1.cloudfunctions.appspot.com/64a817cf-f662-47ae-8474-0e5c2a04cfa3.zip?GoogleAccessId=service-606319487021@gcf-admin-robot.iam.gserviceaccount.com&Expires=1662481028&Signature=LIEnnbyx8hgeJr04Rs%2Bdp9ySzYivMuV0G7NyGgb0N%2BjDs%2F6nDdCRnKWGDEdv0RCJwlzIJ9I2ZSDCov%2BH9aEehSxxXdEQYflPC059ZO41rd0kHM4CpxPExKnqcWHB4%2B3JuZ5X7E2aK90dhdiMQVIf7dzwSNX9kZk0S2KTw7yXDpWCwvSsPdvUmFm8eI7f%2FSBJt6F2Ma7Su0iVZjswY81mnSb0JneEFYBFNBiUYVV5neqpr6q%2BRJ4wBTuJ5D%2BNWJC170xhnXQAiY5LZFvo7iUnt2oz5nuQG7R%2FiFUeSz8%2BbhtZFcvLif%2FQDS2DeJsuvTvSv8iS1g9QUldciF4Y0oPR4Q%3D%3D","environmentVariables":{"FIREBASE_CONFIG":"{\"projectId\":\"shift-maker-dc1f1\",\"storageBucket\":\"shift-maker-dc1f1.appspot.com\",\"locationId\":\"asia-northeast1\"}","GCLOUD_PROJECT":"shift-maker-dc1f1"},"runtime":"nodejs16","ingressSettings":"ALLOW_ALL","buildId":"283cffb3-cf8d-456f-bf04-9054ca91d6dc","buildName":"projects/606319487021/locations/asia-northeast1/builds/283cffb3-cf8d-456f-bf04-9054ca91d6dc","dockerRegistry":"ARTIFACT_REGISTRY"},"versionId":"10","updateTime":"2022-09-06T15:47:27Z","buildId":"10aa7128-f5b9-49dd-90fc-bd90225ecec5","buildName":"projects/606319487021/locations/asia-northeast1/builds/10aa7128-f5b9-49dd-90fc-bd90225ecec5"}}
[debug] [2022-09-06T15:47:46.042Z] [update-default-asia-northeast1-setCustomClaims] Retrying task index 0
[debug] [2022-09-06T15:47:46.043Z] >>> [apiv2][query] GET https://cloudfunctions.googleapis.com/v1/operations/c2hpZnQtbWFrZXItZGMxZjEvYXNpYS1ub3J0aGVhc3QxL3NldEN1c3RvbUNsYWltcy9jUC1tY3ZfemFPSQ [none]
[debug] [2022-09-06T15:47:46.438Z] <<< [apiv2][status] GET https://cloudfunctions.googleapis.com/v1/operations/c2hpZnQtbWFrZXItZGMxZjEvYXNpYS1ub3J0aGVhc3QxL3NldEN1c3RvbUNsYWltcy9jUC1tY3ZfemFPSQ 200
[debug] [2022-09-06T15:47:46.438Z] <<< [apiv2][body] GET https://cloudfunctions.googleapis.com/v1/operations/c2hpZnQtbWFrZXItZGMxZjEvYXNpYS1ub3J0aGVhc3QxL3NldEN1c3RvbUNsYWltcy9jUC1tY3ZfemFPSQ {"name":"operations/c2hpZnQtbWFrZXItZGMxZjEvYXNpYS1ub3J0aGVhc3QxL3NldEN1c3RvbUNsYWltcy9jUC1tY3ZfemFPSQ","metadata":{"@type":"type.googleapis.com/google.cloud.functions.v1.OperationMetadataV1","target":"projects/shift-maker-dc1f1/locations/asia-northeast1/functions/setCustomClaims","type":"UPDATE_FUNCTION","request":{"@type":"type.googleapis.com/google.cloud.functions.v1.CloudFunction","name":"projects/shift-maker-dc1f1/locations/asia-northeast1/functions/setCustomClaims","eventTrigger":{"eventType":"providers/firebase.auth/eventTypes/user.create","resource":"projects/shift-maker-dc1f1","service":"firebaseauth.googleapis.com"},"status":"ACTIVE","entryPoint":"setCustomClaims","timeout":"60s","availableMemoryMb":256,"serviceAccountEmail":"shift-maker-dc1f1@appspot.gserviceaccount.com","updateTime":"2022-09-06T15:46:30.978Z","versionId":"9","labels":{"deployment-tool":"cli-firebase"},"sourceUploadUrl":"https://storage.googleapis.com/uploads-552695438110.asia-northeast1.cloudfunctions.appspot.com/64a817cf-f662-47ae-8474-0e5c2a04cfa3.zip?GoogleAccessId=service-606319487021@gcf-admin-robot.iam.gserviceaccount.com&Expires=1662481028&Signature=LIEnnbyx8hgeJr04Rs%2Bdp9ySzYivMuV0G7NyGgb0N%2BjDs%2F6nDdCRnKWGDEdv0RCJwlzIJ9I2ZSDCov%2BH9aEehSxxXdEQYflPC059ZO41rd0kHM4CpxPExKnqcWHB4%2B3JuZ5X7E2aK90dhdiMQVIf7dzwSNX9kZk0S2KTw7yXDpWCwvSsPdvUmFm8eI7f%2FSBJt6F2Ma7Su0iVZjswY81mnSb0JneEFYBFNBiUYVV5neqpr6q%2BRJ4wBTuJ5D%2BNWJC170xhnXQAiY5LZFvo7iUnt2oz5nuQG7R%2FiFUeSz8%2BbhtZFcvLif%2FQDS2DeJsuvTvSv8iS1g9QUldciF4Y0oPR4Q%3D%3D","environmentVariables":{"FIREBASE_CONFIG":"{\"projectId\":\"shift-maker-dc1f1\",\"storageBucket\":\"shift-maker-dc1f1.appspot.com\",\"locationId\":\"asia-northeast1\"}","GCLOUD_PROJECT":"shift-maker-dc1f1"},"runtime":"nodejs16","ingressSettings":"ALLOW_ALL","buildId":"283cffb3-cf8d-456f-bf04-9054ca91d6dc","buildName":"projects/606319487021/locations/asia-northeast1/builds/283cffb3-cf8d-456f-bf04-9054ca91d6dc","dockerRegistry":"ARTIFACT_REGISTRY"},"versionId":"10","updateTime":"2022-09-06T15:47:27Z","buildId":"10aa7128-f5b9-49dd-90fc-bd90225ecec5","buildName":"projects/606319487021/locations/asia-northeast1/builds/10aa7128-f5b9-49dd-90fc-bd90225ecec5"}}
[debug] [2022-09-06T15:47:56.442Z] [update-default-asia-northeast1-setCustomClaims] Retrying task index 0
[debug] [2022-09-06T15:47:56.442Z] >>> [apiv2][query] GET https://cloudfunctions.googleapis.com/v1/operations/c2hpZnQtbWFrZXItZGMxZjEvYXNpYS1ub3J0aGVhc3QxL3NldEN1c3RvbUNsYWltcy9jUC1tY3ZfemFPSQ [none]
[debug] [2022-09-06T15:47:57.001Z] <<< [apiv2][status] GET https://cloudfunctions.googleapis.com/v1/operations/c2hpZnQtbWFrZXItZGMxZjEvYXNpYS1ub3J0aGVhc3QxL3NldEN1c3RvbUNsYWltcy9jUC1tY3ZfemFPSQ 200
[debug] [2022-09-06T15:47:57.001Z] <<< [apiv2][body] GET https://cloudfunctions.googleapis.com/v1/operations/c2hpZnQtbWFrZXItZGMxZjEvYXNpYS1ub3J0aGVhc3QxL3NldEN1c3RvbUNsYWltcy9jUC1tY3ZfemFPSQ {"name":"operations/c2hpZnQtbWFrZXItZGMxZjEvYXNpYS1ub3J0aGVhc3QxL3NldEN1c3RvbUNsYWltcy9jUC1tY3ZfemFPSQ","metadata":{"@type":"type.googleapis.com/google.cloud.functions.v1.OperationMetadataV1","target":"projects/shift-maker-dc1f1/locations/asia-northeast1/functions/setCustomClaims","type":"UPDATE_FUNCTION","request":{"@type":"type.googleapis.com/google.cloud.functions.v1.CloudFunction","name":"projects/shift-maker-dc1f1/locations/asia-northeast1/functions/setCustomClaims","eventTrigger":{"eventType":"providers/firebase.auth/eventTypes/user.create","resource":"projects/shift-maker-dc1f1","service":"firebaseauth.googleapis.com"},"status":"ACTIVE","entryPoint":"setCustomClaims","timeout":"60s","availableMemoryMb":256,"serviceAccountEmail":"shift-maker-dc1f1@appspot.gserviceaccount.com","updateTime":"2022-09-06T15:46:30.978Z","versionId":"9","labels":{"deployment-tool":"cli-firebase"},"sourceUploadUrl":"https://storage.googleapis.com/uploads-552695438110.asia-northeast1.cloudfunctions.appspot.com/64a817cf-f662-47ae-8474-0e5c2a04cfa3.zip?GoogleAccessId=service-606319487021@gcf-admin-robot.iam.gserviceaccount.com&Expires=1662481028&Signature=LIEnnbyx8hgeJr04Rs%2Bdp9ySzYivMuV0G7NyGgb0N%2BjDs%2F6nDdCRnKWGDEdv0RCJwlzIJ9I2ZSDCov%2BH9aEehSxxXdEQYflPC059ZO41rd0kHM4CpxPExKnqcWHB4%2B3JuZ5X7E2aK90dhdiMQVIf7dzwSNX9kZk0S2KTw7yXDpWCwvSsPdvUmFm8eI7f%2FSBJt6F2Ma7Su0iVZjswY81mnSb0JneEFYBFNBiUYVV5neqpr6q%2BRJ4wBTuJ5D%2BNWJC170xhnXQAiY5LZFvo7iUnt2oz5nuQG7R%2FiFUeSz8%2BbhtZFcvLif%2FQDS2DeJsuvTvSv8iS1g9QUldciF4Y0oPR4Q%3D%3D","environmentVariables":{"FIREBASE_CONFIG":"{\"projectId\":\"shift-maker-dc1f1\",\"storageBucket\":\"shift-maker-dc1f1.appspot.com\",\"locationId\":\"asia-northeast1\"}","GCLOUD_PROJECT":"shift-maker-dc1f1"},"runtime":"nodejs16","ingressSettings":"ALLOW_ALL","buildId":"283cffb3-cf8d-456f-bf04-9054ca91d6dc","buildName":"projects/606319487021/locations/asia-northeast1/builds/283cffb3-cf8d-456f-bf04-9054ca91d6dc","dockerRegistry":"ARTIFACT_REGISTRY"},"versionId":"10","updateTime":"2022-09-06T15:47:27Z","buildId":"10aa7128-f5b9-49dd-90fc-bd90225ecec5","buildName":"projects/606319487021/locations/asia-northeast1/builds/10aa7128-f5b9-49dd-90fc-bd90225ecec5"}}
[debug] [2022-09-06T15:48:07.001Z] [update-default-asia-northeast1-setCustomClaims] Retrying task index 0
[debug] [2022-09-06T15:48:07.002Z] >>> [apiv2][query] GET https://cloudfunctions.googleapis.com/v1/operations/c2hpZnQtbWFrZXItZGMxZjEvYXNpYS1ub3J0aGVhc3QxL3NldEN1c3RvbUNsYWltcy9jUC1tY3ZfemFPSQ [none]
[debug] [2022-09-06T15:48:07.414Z] <<< [apiv2][status] GET https://cloudfunctions.googleapis.com/v1/operations/c2hpZnQtbWFrZXItZGMxZjEvYXNpYS1ub3J0aGVhc3QxL3NldEN1c3RvbUNsYWltcy9jUC1tY3ZfemFPSQ 200
[debug] [2022-09-06T15:48:07.414Z] <<< [apiv2][body] GET https://cloudfunctions.googleapis.com/v1/operations/c2hpZnQtbWFrZXItZGMxZjEvYXNpYS1ub3J0aGVhc3QxL3NldEN1c3RvbUNsYWltcy9jUC1tY3ZfemFPSQ {"name":"operations/c2hpZnQtbWFrZXItZGMxZjEvYXNpYS1ub3J0aGVhc3QxL3NldEN1c3RvbUNsYWltcy9jUC1tY3ZfemFPSQ","metadata":{"@type":"type.googleapis.com/google.cloud.functions.v1.OperationMetadataV1","target":"projects/shift-maker-dc1f1/locations/asia-northeast1/functions/setCustomClaims","type":"UPDATE_FUNCTION","request":{"@type":"type.googleapis.com/google.cloud.functions.v1.CloudFunction","name":"projects/shift-maker-dc1f1/locations/asia-northeast1/functions/setCustomClaims","eventTrigger":{"eventType":"providers/firebase.auth/eventTypes/user.create","resource":"projects/shift-maker-dc1f1","service":"firebaseauth.googleapis.com"},"status":"ACTIVE","entryPoint":"setCustomClaims","timeout":"60s","availableMemoryMb":256,"serviceAccountEmail":"shift-maker-dc1f1@appspot.gserviceaccount.com","updateTime":"2022-09-06T15:46:30.978Z","versionId":"9","labels":{"deployment-tool":"cli-firebase"},"sourceUploadUrl":"https://storage.googleapis.com/uploads-552695438110.asia-northeast1.cloudfunctions.appspot.com/64a817cf-f662-47ae-8474-0e5c2a04cfa3.zip?GoogleAccessId=service-606319487021@gcf-admin-robot.iam.gserviceaccount.com&Expires=1662481028&Signature=LIEnnbyx8hgeJr04Rs%2Bdp9ySzYivMuV0G7NyGgb0N%2BjDs%2F6nDdCRnKWGDEdv0RCJwlzIJ9I2ZSDCov%2BH9aEehSxxXdEQYflPC059ZO41rd0kHM4CpxPExKnqcWHB4%2B3JuZ5X7E2aK90dhdiMQVIf7dzwSNX9kZk0S2KTw7yXDpWCwvSsPdvUmFm8eI7f%2FSBJt6F2Ma7Su0iVZjswY81mnSb0JneEFYBFNBiUYVV5neqpr6q%2BRJ4wBTuJ5D%2BNWJC170xhnXQAiY5LZFvo7iUnt2oz5nuQG7R%2FiFUeSz8%2BbhtZFcvLif%2FQDS2DeJsuvTvSv8iS1g9QUldciF4Y0oPR4Q%3D%3D","environmentVariables":{"FIREBASE_CONFIG":"{\"projectId\":\"shift-maker-dc1f1\",\"storageBucket\":\"shift-maker-dc1f1.appspot.com\",\"locationId\":\"asia-northeast1\"}","GCLOUD_PROJECT":"shift-maker-dc1f1"},"runtime":"nodejs16","ingressSettings":"ALLOW_ALL","buildId":"283cffb3-cf8d-456f-bf04-9054ca91d6dc","buildName":"projects/606319487021/locations/asia-northeast1/builds/283cffb3-cf8d-456f-bf04-9054ca91d6dc","dockerRegistry":"ARTIFACT_REGISTRY"},"versionId":"10","updateTime":"2022-09-06T15:47:27Z","buildId":"10aa7128-f5b9-49dd-90fc-bd90225ecec5","buildName":"projects/606319487021/locations/asia-northeast1/builds/10aa7128-f5b9-49dd-90fc-bd90225ecec5"}}
[debug] [2022-09-06T15:48:17.420Z] [update-default-asia-northeast1-setCustomClaims] Retrying task index 0
[debug] [2022-09-06T15:48:17.421Z] >>> [apiv2][query] GET https://cloudfunctions.googleapis.com/v1/operations/c2hpZnQtbWFrZXItZGMxZjEvYXNpYS1ub3J0aGVhc3QxL3NldEN1c3RvbUNsYWltcy9jUC1tY3ZfemFPSQ [none]
[debug] [2022-09-06T15:48:17.916Z] <<< [apiv2][status] GET https://cloudfunctions.googleapis.com/v1/operations/c2hpZnQtbWFrZXItZGMxZjEvYXNpYS1ub3J0aGVhc3QxL3NldEN1c3RvbUNsYWltcy9jUC1tY3ZfemFPSQ 200
[debug] [2022-09-06T15:48:17.916Z] <<< [apiv2][body] GET https://cloudfunctions.googleapis.com/v1/operations/c2hpZnQtbWFrZXItZGMxZjEvYXNpYS1ub3J0aGVhc3QxL3NldEN1c3RvbUNsYWltcy9jUC1tY3ZfemFPSQ {"name":"operations/c2hpZnQtbWFrZXItZGMxZjEvYXNpYS1ub3J0aGVhc3QxL3NldEN1c3RvbUNsYWltcy9jUC1tY3ZfemFPSQ","metadata":{"@type":"type.googleapis.com/google.cloud.functions.v1.OperationMetadataV1","target":"projects/shift-maker-dc1f1/locations/asia-northeast1/functions/setCustomClaims","type":"UPDATE_FUNCTION","request":{"@type":"type.googleapis.com/google.cloud.functions.v1.CloudFunction","name":"projects/shift-maker-dc1f1/locations/asia-northeast1/functions/setCustomClaims","eventTrigger":{"eventType":"providers/firebase.auth/eventTypes/user.create","resource":"projects/shift-maker-dc1f1","service":"firebaseauth.googleapis.com"},"status":"ACTIVE","entryPoint":"setCustomClaims","timeout":"60s","availableMemoryMb":256,"serviceAccountEmail":"shift-maker-dc1f1@appspot.gserviceaccount.com","updateTime":"2022-09-06T15:46:30.978Z","versionId":"9","labels":{"deployment-tool":"cli-firebase"},"sourceUploadUrl":"https://storage.googleapis.com/uploads-552695438110.asia-northeast1.cloudfunctions.appspot.com/64a817cf-f662-47ae-8474-0e5c2a04cfa3.zip?GoogleAccessId=service-606319487021@gcf-admin-robot.iam.gserviceaccount.com&Expires=1662481028&Signature=LIEnnbyx8hgeJr04Rs%2Bdp9ySzYivMuV0G7NyGgb0N%2BjDs%2F6nDdCRnKWGDEdv0RCJwlzIJ9I2ZSDCov%2BH9aEehSxxXdEQYflPC059ZO41rd0kHM4CpxPExKnqcWHB4%2B3JuZ5X7E2aK90dhdiMQVIf7dzwSNX9kZk0S2KTw7yXDpWCwvSsPdvUmFm8eI7f%2FSBJt6F2Ma7Su0iVZjswY81mnSb0JneEFYBFNBiUYVV5neqpr6q%2BRJ4wBTuJ5D%2BNWJC170xhnXQAiY5LZFvo7iUnt2oz5nuQG7R%2FiFUeSz8%2BbhtZFcvLif%2FQDS2DeJsuvTvSv8iS1g9QUldciF4Y0oPR4Q%3D%3D","environmentVariables":{"FIREBASE_CONFIG":"{\"projectId\":\"shift-maker-dc1f1\",\"storageBucket\":\"shift-maker-dc1f1.appspot.com\",\"locationId\":\"asia-northeast1\"}","GCLOUD_PROJECT":"shift-maker-dc1f1"},"runtime":"nodejs16","ingressSettings":"ALLOW_ALL","buildId":"283cffb3-cf8d-456f-bf04-9054ca91d6dc","buildName":"projects/606319487021/locations/asia-northeast1/builds/283cffb3-cf8d-456f-bf04-9054ca91d6dc","dockerRegistry":"ARTIFACT_REGISTRY"},"versionId":"10","updateTime":"2022-09-06T15:47:27Z","buildId":"10aa7128-f5b9-49dd-90fc-bd90225ecec5","buildName":"projects/606319487021/locations/asia-northeast1/builds/10aa7128-f5b9-49dd-90fc-bd90225ecec5"}}
[debug] [2022-09-06T15:48:27.917Z] [update-default-asia-northeast1-setCustomClaims] Retrying task index 0
[debug] [2022-09-06T15:48:27.917Z] >>> [apiv2][query] GET https://cloudfunctions.googleapis.com/v1/operations/c2hpZnQtbWFrZXItZGMxZjEvYXNpYS1ub3J0aGVhc3QxL3NldEN1c3RvbUNsYWltcy9jUC1tY3ZfemFPSQ [none]
[debug] [2022-09-06T15:48:28.387Z] <<< [apiv2][status] GET https://cloudfunctions.googleapis.com/v1/operations/c2hpZnQtbWFrZXItZGMxZjEvYXNpYS1ub3J0aGVhc3QxL3NldEN1c3RvbUNsYWltcy9jUC1tY3ZfemFPSQ 200
[debug] [2022-09-06T15:48:28.388Z] <<< [apiv2][body] GET https://cloudfunctions.googleapis.com/v1/operations/c2hpZnQtbWFrZXItZGMxZjEvYXNpYS1ub3J0aGVhc3QxL3NldEN1c3RvbUNsYWltcy9jUC1tY3ZfemFPSQ {"name":"operations/c2hpZnQtbWFrZXItZGMxZjEvYXNpYS1ub3J0aGVhc3QxL3NldEN1c3RvbUNsYWltcy9jUC1tY3ZfemFPSQ","metadata":{"@type":"type.googleapis.com/google.cloud.functions.v1.OperationMetadataV1","target":"projects/shift-maker-dc1f1/locations/asia-northeast1/functions/setCustomClaims","type":"UPDATE_FUNCTION","request":{"@type":"type.googleapis.com/google.cloud.functions.v1.CloudFunction","name":"projects/shift-maker-dc1f1/locations/asia-northeast1/functions/setCustomClaims","eventTrigger":{"eventType":"providers/firebase.auth/eventTypes/user.create","resource":"projects/shift-maker-dc1f1","service":"firebaseauth.googleapis.com"},"status":"ACTIVE","entryPoint":"setCustomClaims","timeout":"60s","availableMemoryMb":256,"serviceAccountEmail":"shift-maker-dc1f1@appspot.gserviceaccount.com","updateTime":"2022-09-06T15:46:30.978Z","versionId":"9","labels":{"deployment-tool":"cli-firebase"},"sourceUploadUrl":"https://storage.googleapis.com/uploads-552695438110.asia-northeast1.cloudfunctions.appspot.com/64a817cf-f662-47ae-8474-0e5c2a04cfa3.zip?GoogleAccessId=service-606319487021@gcf-admin-robot.iam.gserviceaccount.com&Expires=1662481028&Signature=LIEnnbyx8hgeJr04Rs%2Bdp9ySzYivMuV0G7NyGgb0N%2BjDs%2F6nDdCRnKWGDEdv0RCJwlzIJ9I2ZSDCov%2BH9aEehSxxXdEQYflPC059ZO41rd0kHM4CpxPExKnqcWHB4%2B3JuZ5X7E2aK90dhdiMQVIf7dzwSNX9kZk0S2KTw7yXDpWCwvSsPdvUmFm8eI7f%2FSBJt6F2Ma7Su0iVZjswY81mnSb0JneEFYBFNBiUYVV5neqpr6q%2BRJ4wBTuJ5D%2BNWJC170xhnXQAiY5LZFvo7iUnt2oz5nuQG7R%2FiFUeSz8%2BbhtZFcvLif%2FQDS2DeJsuvTvSv8iS1g9QUldciF4Y0oPR4Q%3D%3D","environmentVariables":{"FIREBASE_CONFIG":"{\"projectId\":\"shift-maker-dc1f1\",\"storageBucket\":\"shift-maker-dc1f1.appspot.com\",\"locationId\":\"asia-northeast1\"}","GCLOUD_PROJECT":"shift-maker-dc1f1"},"runtime":"nodejs16","ingressSettings":"ALLOW_ALL","buildId":"283cffb3-cf8d-456f-bf04-9054ca91d6dc","buildName":"projects/606319487021/locations/asia-northeast1/builds/283cffb3-cf8d-456f-bf04-9054ca91d6dc","dockerRegistry":"ARTIFACT_REGISTRY"},"versionId":"10","updateTime":"2022-09-06T15:47:27Z","buildId":"10aa7128-f5b9-49dd-90fc-bd90225ecec5","sourceToken":"18439796-0db8-4d03-a7ea-08e1850d98ca","buildName":"projects/606319487021/locations/asia-northeast1/builds/10aa7128-f5b9-49dd-90fc-bd90225ecec5"}}
[debug] [2022-09-06T15:48:28.388Z] Got source token 18439796-0db8-4d03-a7ea-08e1850d98ca for region asia-northeast1
[debug] [2022-09-06T15:48:38.389Z] [update-default-asia-northeast1-setCustomClaims] Retrying task index 0
[debug] [2022-09-06T15:48:38.389Z] >>> [apiv2][query] GET https://cloudfunctions.googleapis.com/v1/operations/c2hpZnQtbWFrZXItZGMxZjEvYXNpYS1ub3J0aGVhc3QxL3NldEN1c3RvbUNsYWltcy9jUC1tY3ZfemFPSQ [none]
[debug] [2022-09-06T15:48:38.954Z] <<< [apiv2][status] GET https://cloudfunctions.googleapis.com/v1/operations/c2hpZnQtbWFrZXItZGMxZjEvYXNpYS1ub3J0aGVhc3QxL3NldEN1c3RvbUNsYWltcy9jUC1tY3ZfemFPSQ 200
[debug] [2022-09-06T15:48:38.954Z] <<< [apiv2][body] GET https://cloudfunctions.googleapis.com/v1/operations/c2hpZnQtbWFrZXItZGMxZjEvYXNpYS1ub3J0aGVhc3QxL3NldEN1c3RvbUNsYWltcy9jUC1tY3ZfemFPSQ {"name":"operations/c2hpZnQtbWFrZXItZGMxZjEvYXNpYS1ub3J0aGVhc3QxL3NldEN1c3RvbUNsYWltcy9jUC1tY3ZfemFPSQ","metadata":{"@type":"type.googleapis.com/google.cloud.functions.v1.OperationMetadataV1","target":"projects/shift-maker-dc1f1/locations/asia-northeast1/functions/setCustomClaims","type":"UPDATE_FUNCTION","request":{"@type":"type.googleapis.com/google.cloud.functions.v1.CloudFunction","name":"projects/shift-maker-dc1f1/locations/asia-northeast1/functions/setCustomClaims","eventTrigger":{"eventType":"providers/firebase.auth/eventTypes/user.create","resource":"projects/shift-maker-dc1f1","service":"firebaseauth.googleapis.com"},"status":"ACTIVE","entryPoint":"setCustomClaims","timeout":"60s","availableMemoryMb":256,"serviceAccountEmail":"shift-maker-dc1f1@appspot.gserviceaccount.com","updateTime":"2022-09-06T15:46:30.978Z","versionId":"9","labels":{"deployment-tool":"cli-firebase"},"sourceUploadUrl":"https://storage.googleapis.com/uploads-552695438110.asia-northeast1.cloudfunctions.appspot.com/64a817cf-f662-47ae-8474-0e5c2a04cfa3.zip?GoogleAccessId=service-606319487021@gcf-admin-robot.iam.gserviceaccount.com&Expires=1662481028&Signature=LIEnnbyx8hgeJr04Rs%2Bdp9ySzYivMuV0G7NyGgb0N%2BjDs%2F6nDdCRnKWGDEdv0RCJwlzIJ9I2ZSDCov%2BH9aEehSxxXdEQYflPC059ZO41rd0kHM4CpxPExKnqcWHB4%2B3JuZ5X7E2aK90dhdiMQVIf7dzwSNX9kZk0S2KTw7yXDpWCwvSsPdvUmFm8eI7f%2FSBJt6F2Ma7Su0iVZjswY81mnSb0JneEFYBFNBiUYVV5neqpr6q%2BRJ4wBTuJ5D%2BNWJC170xhnXQAiY5LZFvo7iUnt2oz5nuQG7R%2FiFUeSz8%2BbhtZFcvLif%2FQDS2DeJsuvTvSv8iS1g9QUldciF4Y0oPR4Q%3D%3D","environmentVariables":{"FIREBASE_CONFIG":"{\"projectId\":\"shift-maker-dc1f1\",\"storageBucket\":\"shift-maker-dc1f1.appspot.com\",\"locationId\":\"asia-northeast1\"}","GCLOUD_PROJECT":"shift-maker-dc1f1"},"runtime":"nodejs16","ingressSettings":"ALLOW_ALL","buildId":"283cffb3-cf8d-456f-bf04-9054ca91d6dc","buildName":"projects/606319487021/locations/asia-northeast1/builds/283cffb3-cf8d-456f-bf04-9054ca91d6dc","dockerRegistry":"ARTIFACT_REGISTRY"},"versionId":"10","updateTime":"2022-09-06T15:48:29Z","buildId":"10aa7128-f5b9-49dd-90fc-bd90225ecec5","sourceToken":"18439796-0db8-4d03-a7ea-08e1850d98ca","buildName":"projects/606319487021/locations/asia-northeast1/builds/10aa7128-f5b9-49dd-90fc-bd90225ecec5"},"done":true,"error":{"code":3,"message":"Function failed on loading user code. This is likely due to a bug in the user code. Error message: Error: please examine your function logs to see the error cause: https://cloud.google.com/functions/docs/monitoring/logging#viewing_logs. Additional troubleshooting documentation can be found at https://cloud.google.com/functions/docs/troubleshooting#logging. Please visit https://cloud.google.com/functions/docs/troubleshooting for in-depth troubleshooting documentation."}}
[debug] [2022-09-06T15:48:38.954Z] Got source token 18439796-0db8-4d03-a7ea-08e1850d98ca for region asia-northeast1
[error] Function failed on loading user code. This is likely due to a bug in the user code. Error message: Error: please examine your function logs to see the error cause: https://cloud.google.com/functions/docs/monitoring/logging#viewing_logs. Additional troubleshooting documentation can be found at https://cloud.google.com/functions/docs/troubleshooting#logging. Please visit https://cloud.google.com/functions/docs/troubleshooting for in-depth troubleshooting documentation.
[debug] [2022-09-06T15:48:38.962Z] Total Function Deployment time: 73678
[debug] [2022-09-06T15:48:38.962Z] 1 Functions Deployed
[debug] [2022-09-06T15:48:38.962Z] 1 Functions Errored
[debug] [2022-09-06T15:48:38.962Z] 0 Function Deployments Aborted
[debug] [2022-09-06T15:48:38.962Z] Average Function Deployment time: 73677
[info] 
[info] Functions deploy had errors with the following functions:
	setCustomClaims(asia-northeast1)
[info] i  functions: cleaning up build files... 
[debug] [2022-09-06T15:48:39.164Z] >>> [apiv2][query] DELETE https://artifactregistry.googleapis.com/v1beta2/projects/shift-maker-dc1f1/locations/asia-northeast1/repositories/gcf-artifacts/packages/set_custom_claims [none]
[debug] [2022-09-06T15:48:39.165Z] >>> [apiv2][query] GET https://asia.gcr.io/v2/shift-maker-dc1f1/gcf/asia-northeast1/tags/list [none]
[debug] [2022-09-06T15:48:39.561Z] <<< [apiv2][status] GET https://asia.gcr.io/v2/shift-maker-dc1f1/gcf/asia-northeast1/tags/list 200
[debug] [2022-09-06T15:48:39.561Z] <<< [apiv2][body] GET https://asia.gcr.io/v2/shift-maker-dc1f1/gcf/asia-northeast1/tags/list {"child":[],"manifest":{},"name":"shift-maker-dc1f1/gcf/asia-northeast1","tags":[]}
[debug] [2022-09-06T15:48:39.562Z] Could not find image for function projects/shift-maker-dc1f1/locations/asia-northeast1/functions/setCustomClaims
[debug] [2022-09-06T15:48:39.604Z] <<< [apiv2][status] DELETE https://artifactregistry.googleapis.com/v1beta2/projects/shift-maker-dc1f1/locations/asia-northeast1/repositories/gcf-artifacts/packages/set_custom_claims 200
[debug] [2022-09-06T15:48:39.604Z] <<< [apiv2][body] DELETE https://artifactregistry.googleapis.com/v1beta2/projects/shift-maker-dc1f1/locations/asia-northeast1/repositories/gcf-artifacts/packages/set_custom_claims {"name":"projects/shift-maker-dc1f1/locations/asia-northeast1/operations/a3c7a63d-5e63-4560-a2d2-40f47d362e39","metadata":{"@type":"type.googleapis.com/google.devtools.artifactregistry.v1beta2.OperationMetadata"}}
[debug] [2022-09-06T15:48:39.604Z] >>> [apiv2][query] GET https://artifactregistry.googleapis.com/v1beta2/projects/shift-maker-dc1f1/locations/asia-northeast1/operations/a3c7a63d-5e63-4560-a2d2-40f47d362e39 [none]
[debug] [2022-09-06T15:48:40.024Z] <<< [apiv2][status] GET https://artifactregistry.googleapis.com/v1beta2/projects/shift-maker-dc1f1/locations/asia-northeast1/operations/a3c7a63d-5e63-4560-a2d2-40f47d362e39 200
[debug] [2022-09-06T15:48:40.024Z] <<< [apiv2][body] GET https://artifactregistry.googleapis.com/v1beta2/projects/shift-maker-dc1f1/locations/asia-northeast1/operations/a3c7a63d-5e63-4560-a2d2-40f47d362e39 {"name":"projects/shift-maker-dc1f1/locations/asia-northeast1/operations/a3c7a63d-5e63-4560-a2d2-40f47d362e39","metadata":{"@type":"type.googleapis.com/google.devtools.artifactregistry.v1beta2.OperationMetadata"},"done":true,"response":{"@type":"type.googleapis.com/google.devtools.artifactregistry.v1beta2.Package","name":"projects/shift-maker-dc1f1/locations/asia-northeast1/repositories/gcf-artifacts/packages/set_custom_claims"}}
[debug] [2022-09-06T15:48:40.024Z] Functions deploy failed.
[debug] [2022-09-06T15:48:40.024Z] {
  "endpoint": {
    "id": "setCustomClaims",
    "project": "shift-maker-dc1f1",
    "region": "asia-northeast1",
    "entryPoint": "setCustomClaims",
    "platform": "gcfv1",
    "runtime": "nodejs16",
    "eventTrigger": {
      "eventType": "providers/firebase.auth/eventTypes/user.create",
      "retry": false,
      "eventFilters": {
        "resource": "projects/shift-maker-dc1f1"
      }
    },
    "labels": {
      "deployment-tool": "cli-firebase"
    },
    "environmentVariables": {
      "FIREBASE_CONFIG": "{\"projectId\":\"shift-maker-dc1f1\",\"storageBucket\":\"shift-maker-dc1f1.appspot.com\",\"locationId\":\"asia-northeast1\"}",
      "GCLOUD_PROJECT": "shift-maker-dc1f1"
    },
    "codebase": "default",
    "availableMemoryMb": 256,
    "securityLevel": "SECURE_ALWAYS"
  },
  "op": "update",
  "original": {
    "name": "FirebaseError",
    "children": [],
    "exit": 1,
    "message": "Function failed on loading user code. This is likely due to a bug in the user code. Error message: Error: please examine your function logs to see the error cause: https://cloud.google.com/functions/docs/monitoring/logging#viewing_logs. Additional troubleshooting documentation can be found at https://cloud.google.com/functions/docs/troubleshooting#logging. Please visit https://cloud.google.com/functions/docs/troubleshooting for in-depth troubleshooting documentation.",
    "status": 3
  }
}
[debug] [2022-09-06T15:48:40.199Z] Error: Failed to update function setCustomClaims in region asia-northeast1
    at /usr/local/lib/node_modules/firebase-tools/lib/deploy/functions/release/fabricator.js:42:11
    at processTicksAndRejections (node:internal/process/task_queues:96:5)
    at async Fabricator.updateV1Function (/usr/local/lib/node_modules/firebase-tools/lib/deploy/functions/release/fabricator.js:303:32)
    at async Fabricator.updateEndpoint (/usr/local/lib/node_modules/firebase-tools/lib/deploy/functions/release/fabricator.js:138:13)
    at async handle (/usr/local/lib/node_modules/firebase-tools/lib/deploy/functions/release/fabricator.js:79:17)
[error] 
[error] Error: There was an error deploying functions
